<?xml version="1.0" encoding="UTF-8"?>
<!-- Generated by org.testng.reporters.JUnitReportReporter -->
<testsuite hostname="DESKTOP-ADVM252" failures="0" tests="1" name="com.crm.contactTest.createcontactTest" time="0.009" errors="0" timestamp="2021-10-18T18:42:44 IST" skipped="0">
  <testcase classname="com.crm.contactTest.createcontactTest" name="createcontactTest" time="0.009"/>
  <system-out/>
</testsuite> <!-- com.crm.contactTest.createcontactTest -->
